#
# A fatal error has been detected by the Java Runtime Environment:
#
#  EXCEPTION_ACCESS_VIOLATION (0xc0000005) at pc=0x0000000051b18f19, pid=14888, tid=6308
#
# JRE version: 7.0_11-b21
# Java VM: Java HotSpot(TM) 64-Bit Server VM (23.6-b04 mixed mode windows-amd64 compressed oops)
# Problematic frame:
# V  [jvm.dll+0x38f19]
#
# Failed to write core dump. Minidumps are not enabled by default on client versions of Windows
#
# If you would like to submit a bug report, please visit:
#   http://bugreport.sun.com/bugreport/crash.jsp
#

---------------  T H R E A D  ---------------

Current thread (0x00000000088c4800):  JavaThread "JDWP Transport Listener: dt_socket" daemon [_thread_in_vm, id=6308, stack(0x0000000009fe0000,0x000000000a0e0000)]

siginfo: ExceptionCode=0xc0000005, reading address 0x000000000000000c

Registers:
RAX=0x000000000000000c, RBX=0x00000000088c4800, RCX=0x0000000000000000, RDX=0x0000000000000000
RSP=0x000000000a0df790, RBP=0x000000000000000c, RSI=0x0000000000000000, RDI=0x0000000000000010
R8 =0x00000000eb2bb338, R9 =0x0000000000000000, R10=0x0000000000000000, R11=0x0000000000000001
R12=0x0000000000000000, R13=0x0000000000000000, R14=0x0000000000000000, R15=0x0000000000000000
RIP=0x0000000051b18f19, EFLAGS=0x0000000000010246

Top of Stack: (sp=0x000000000a0df790)
0x000000000a0df790:   00000000088c4800 0000000000000000
0x000000000a0df7a0:   0000000000000000 00000000088c4800
0x000000000a0df7b0:   0000000000000000 0000000051bd76b4
0x000000000a0df7c0:   00000000eb2bb338 000000000a0df8e0
0x000000000a0df7d0:   00000000088c59c8 000000000a0df8b0
0x000000000a0df7e0:   00000000088c4800 0000000000000000
0x000000000a0df7f0:   00000000088c59c8 000000000a0df8e0
0x000000000a0df800:   0000000000000000 0000000000000000
0x000000000a0df810:   00000000088c49d8 0000000051a67d15
0x000000000a0df820:   000000000a0df8b0 000000000a0df8e0
0x000000000a0df830:   00000000088c59c8 00000000088c49d8
0x000000000a0df840:   000000000890640a 0000000051a6f09c
0x000000000a0df850:   0000000051010a01 000000000a0df950
0x000000000a0df860:   00000000088bbb01 0000000008825980
0x000000000a0df870:   0000147300000013 0000000051010a00
0x000000000a0df880:   000000000895ab20 00000000088cbac0 

Instructions: (pc=0x0000000051b18f19)
0x0000000051b18ef9:   d2 48 8b c5 eb 18 48 8b d0 48 8b c5 48 d3 e2 48
0x0000000051b18f09:   03 15 01 16 62 00 eb 06 48 8b 12 48 8b c7 48 98
0x0000000051b18f19:   8b 14 10 85 d2 74 2a 45 84 db 4c 63 c6 48 0f 45
0x0000000051b18f29:   fd 8d 47 0b 48 63 c8 48 83 e1 f8 48 c1 e9 03 8d 


Register to memory mapping:

RAX=0x000000000000000c is an unknown value
RBX=0x00000000088c4800 is a thread
RCX=0x0000000000000000 is an unknown value
RDX=0x0000000000000000 is an unknown value
RSP=0x000000000a0df790 is pointing into the stack for thread: 0x00000000088c4800
RBP=0x000000000000000c is an unknown value
RSI=0x0000000000000000 is an unknown value
RDI=0x0000000000000010 is an unknown value
R8 =0x00000000eb2bb338 is an oop
java.lang.String 
 - klass: 'java/lang/String'
R9 =0x0000000000000000 is an unknown value
R10=0x0000000000000000 is an unknown value
R11=0x0000000000000001 is an unknown value
R12=0x0000000000000000 is an unknown value
R13=0x0000000000000000 is an unknown value
R14=0x0000000000000000 is an unknown value
R15=0x0000000000000000 is an unknown value


Stack: [0x0000000009fe0000,0x000000000a0e0000],  sp=0x000000000a0df790,  free space=1021k
Native frames: (J=compiled Java code, j=interpreted, Vv=VM code, C=native code)
V  [jvm.dll+0x38f19]


---------------  P R O C E S S  ---------------

Java Threads: ( => current thread )
  0x00000000088f1800 JavaThread "Service Thread" daemon [_thread_blocked, id=1252, stack(0x000000000a4e0000,0x000000000a5e0000)]
  0x00000000088f0800 JavaThread "C2 CompilerThread1" daemon [_thread_blocked, id=10800, stack(0x000000000a3e0000,0x000000000a4e0000)]
  0x00000000088e8000 JavaThread "C2 CompilerThread0" daemon [_thread_blocked, id=3236, stack(0x000000000a2e0000,0x000000000a3e0000)]
  0x00000000088d9800 JavaThread "JDWP Command Reader" daemon [_thread_in_native, id=6196, stack(0x000000000a1e0000,0x000000000a2e0000)]
  0x00000000088d4800 JavaThread "JDWP Event Helper Thread" daemon [_thread_blocked, id=7016, stack(0x000000000a0e0000,0x000000000a1e0000)]
=>0x00000000088c4800 JavaThread "JDWP Transport Listener: dt_socket" daemon [_thread_in_vm, id=6308, stack(0x0000000009fe0000,0x000000000a0e0000)]
  0x00000000088be000 JavaThread "Attach Listener" daemon [_thread_blocked, id=14848, stack(0x0000000009d60000,0x0000000009e60000)]
  0x00000000088bb000 JavaThread "Signal Dispatcher" daemon [_thread_blocked, id=13424, stack(0x0000000009c60000,0x0000000009d60000)]
  0x0000000008839000 JavaThread "Finalizer" daemon [_thread_blocked, id=3944, stack(0x0000000009b60000,0x0000000009c60000)]
  0x0000000008830000 JavaThread "Reference Handler" daemon [_thread_blocked, id=4972, stack(0x0000000009a60000,0x0000000009b60000)]
  0x00000000023cd800 JavaThread "main" [_thread_blocked, id=188, stack(0x0000000002230000,0x0000000002330000)]

Other Threads:
  0x0000000008828000 VMThread [stack: 0x0000000009960000,0x0000000009a60000] [id=7032]
  0x0000000008902000 WatcherThread [stack: 0x000000000a5e0000,0x000000000a6e0000] [id=15004]

VM state:not at safepoint (normal execution)

VM Mutex/Monitor currently owned by a thread: None

Heap
 PSYoungGen      total 18752K, used 1290K [0x00000000eb200000, 0x00000000ec6e0000, 0x0000000100000000)
  eden space 16128K, 8% used [0x00000000eb200000,0x00000000eb342a98,0x00000000ec1c0000)
  from space 2624K, 0% used [0x00000000ec450000,0x00000000ec450000,0x00000000ec6e0000)
  to   space 2624K, 0% used [0x00000000ec1c0000,0x00000000ec1c0000,0x00000000ec450000)
 ParOldGen       total 42752K, used 0K [0x00000000c1600000, 0x00000000c3fc0000, 0x00000000eb200000)
  object space 42752K, 0% used [0x00000000c1600000,0x00000000c1600000,0x00000000c3fc0000)
 PSPermGen       total 21248K, used 2587K [0x00000000bc400000, 0x00000000bd8c0000, 0x00000000c1600000)
  object space 21248K, 12% used [0x00000000bc400000,0x00000000bc686d48,0x00000000bd8c0000)

Card table byte_map: [0x0000000005590000,0x00000000057b0000] byte_map_base: 0x0000000004fae000

Polling page: 0x00000000007e0000

Code Cache  [0x00000000024d0000, 0x0000000002740000, 0x00000000054d0000)
 total_blobs=175 nmethods=1 adapters=134 free_code_cache=48772Kb largest_free_block=49923520

Compilation events (2 events):
Event: 0.242 Thread 0x00000000088f0800    1             java.lang.String::charAt (29 bytes)
Event: 0.253 Thread 0x00000000088f0800 nmethod 1 0x000000000252e550 code [0x000000000252e6a0, 0x000000000252e778]

GC Heap History (0 events):
No events

Deoptimization events (0 events):
No events

Internal exceptions (2 events):
Event: 0.033 Thread 0x00000000023cd800 Threw 0x00000000eb2061a8 at C:\jdk7u1_64p\jdk7u11\hotspot\src\share\vm\prims\jni.cpp:3994
Event: 0.240 Thread 0x00000000023cd800 Threw 0x00000000eb2b4b00 at C:\jdk7u1_64p\jdk7u11\hotspot\src\share\vm\prims\jvm.cpp:1166

Events (10 events):
Event: 51.945 Executing VM operation: GetCurrentLocation
Event: 51.945 Executing VM operation: GetCurrentLocation done
Event: 51.945 Executing VM operation: ChangeSingleStep
Event: 51.945 Executing VM operation: ChangeSingleStep done
Event: 51.946 Executing VM operation: ChangeSingleStep
Event: 51.946 Executing VM operation: ChangeSingleStep done
Event: 51.959 Executing VM operation: GetOrSetLocal
Event: 51.959 Executing VM operation: GetOrSetLocal done
Event: 51.963 Executing VM operation: GetOrSetLocal
Event: 51.963 Executing VM operation: GetOrSetLocal done


Dynamic libraries:
0x000007f6b5d60000 - 0x000007f6b5d93000 	C:\Program Files\Java\jdk1.7.0_11\bin\javaw.exe
0x000007f99eea0000 - 0x000007f99f05e000 	C:\Windows\SYSTEM32\ntdll.dll
0x000007f99e6f0000 - 0x000007f99e826000 	C:\Windows\system32\KERNEL32.DLL
0x000007f99bc00000 - 0x000007f99bcf3000 	C:\Windows\system32\KERNELBASE.dll
0x000007f99d720000 - 0x000007f99d7fe000 	C:\Windows\system32\ADVAPI32.dll
0x000007f99def0000 - 0x000007f99e03c000 	C:\Windows\system32\USER32.dll
0x000007f9985f0000 - 0x000007f998859000 	C:\Windows\WinSxS\amd64_microsoft.windows.common-controls_6595b64144ccf1df_6.0.9200.16384_none_418c2a697189c07f\COMCTL32.dll
0x000007f99c030000 - 0x000007f99c0d5000 	C:\Windows\system32\msvcrt.dll
0x000007f99e650000 - 0x000007f99e698000 	C:\Windows\SYSTEM32\sechost.dll
0x000007f99e2f0000 - 0x000007f99e430000 	C:\Windows\system32\RPCRT4.dll
0x000007f99d800000 - 0x000007f99d940000 	C:\Windows\system32\GDI32.dll
0x000007f99e610000 - 0x000007f99e649000 	C:\Windows\system32\IMM32.DLL
0x000007f99ecd0000 - 0x000007f99ede5000 	C:\Windows\system32\MSCTF.dll
0x0000000052200000 - 0x00000000522d1000 	C:\Program Files\Java\jdk1.7.0_11\jre\bin\msvcr100.dll
0x0000000051ae0000 - 0x00000000521ff000 	C:\Program Files\Java\jdk1.7.0_11\jre\bin\server\jvm.dll
0x000007f9910a0000 - 0x000007f9910a9000 	C:\Windows\SYSTEM32\WSOCK32.dll
0x000007f99bd80000 - 0x000007f99bda0000 	C:\Windows\system32\WINMM.dll
0x000007f99e430000 - 0x000007f99e437000 	C:\Windows\system32\PSAPI.DLL
0x000007f99de60000 - 0x000007f99deb8000 	C:\Windows\system32\WS2_32.dll
0x000007f99bae0000 - 0x000007f99bb12000 	C:\Windows\system32\WINMMBASE.dll
0x000007f99d940000 - 0x000007f99d949000 	C:\Windows\system32\NSI.dll
0x0000000051ad0000 - 0x0000000051adf000 	C:\Program Files\Java\jdk1.7.0_11\jre\bin\verify.dll
0x0000000051aa0000 - 0x0000000051ac8000 	C:\Program Files\Java\jdk1.7.0_11\jre\bin\java.dll
0x0000000051a60000 - 0x0000000051a95000 	C:\Program Files\Java\jdk1.7.0_11\jre\bin\jdwp.dll
0x0000000051a50000 - 0x0000000051a58000 	C:\Program Files\Java\jdk1.7.0_11\jre\bin\npt.dll
0x0000000051a30000 - 0x0000000051a45000 	C:\Program Files\Java\jdk1.7.0_11\jre\bin\zip.dll
0x0000000051a20000 - 0x0000000051a29000 	C:\Program Files\Java\jdk1.7.0_11\jre\bin\dt_socket.dll
0x000007f9958f0000 - 0x000007f995904000 	C:\Windows\system32\napinsp.dll
0x000007f995850000 - 0x000007f995868000 	C:\Windows\system32\pnrpnsp.dll
0x000007f99a380000 - 0x000007f99a396000 	C:\Windows\system32\NLAapi.dll
0x000007f99b2d0000 - 0x000007f99b32c000 	C:\Windows\System32\mswsock.dll
0x000007f99b110000 - 0x000007f99b1a8000 	C:\Windows\SYSTEM32\DNSAPI.dll
0x000007f995770000 - 0x000007f995782000 	C:\Windows\System32\winrnr.dll
0x000007f995550000 - 0x000007f995564000 	C:\Windows\system32\wshbth.dll
0x00000000530a0000 - 0x00000000530c6000 	C:\Program Files\Bonjour\mdnsNSP.dll
0x000007f998ee0000 - 0x000007f998f0a000 	C:\Windows\SYSTEM32\Iphlpapi.DLL
0x000007f998ed0000 - 0x000007f998eda000 	C:\Windows\SYSTEM32\WINNSI.DLL
0x000007f997100000 - 0x000007f99715f000 	C:\Windows\System32\fwpuclnt.dll
0x000007f995ba0000 - 0x000007f995ba8000 	C:\Windows\System32\rasadhlp.dll
0x000007f99a030000 - 0x000007f99a193000 	C:\Windows\SYSTEM32\dbghelp.dll

VM Arguments:
jvm_args: -agentlib:jdwp=transport=dt_socket,suspend=y,address=localhost:56214 -Dfile.encoding=UTF-8 
java_command: com.miles.dp.test.IndexNormalTest
Launcher Type: SUN_STANDARD

Environment Variables:
JAVA_HOME=C:\Program Files\Java\jdk1.7.0_11
PATH=C:\Program Files\Java\jdk1.7.0_11\jre\bin;C:\Windows\system32;C:\Program Files\Java\jdk1.7.0_11\bin;C:\Windows;C:\Windows\System32\Wbem;C:\Windows\System32\WindowsPowerShell\v1.0\;C:\ProgramSoft\apache-maven-3.0.4\bin
USERNAME=MacWin
OS=Windows_NT
PROCESSOR_IDENTIFIER=Intel64 Family 6 Model 42 Stepping 7, GenuineIntel



---------------  S Y S T E M  ---------------

OS: Windows 8 , 64 bit Build 9200 

CPU:total 4 (2 cores per cpu, 2 threads per core) family 6 model 42 stepping 7, cmov, cx8, fxsr, mmx, sse, sse2, sse3, ssse3, sse4.1, sse4.2, popcnt, avx, ht, tsc, tscinvbit

Memory: 4k page, physical 4102892k(1195440k free), swap 7044544k(1127808k free)

vm_info: Java HotSpot(TM) 64-Bit Server VM (23.6-b04) for windows-amd64 JRE (1.7.0_11-b21), built on Jan 12 2013 02:38:42 by "java_re" with unknown MS VC++:1600

time: Sat Feb 16 14:37:30 2013
elapsed time: 52 seconds

